<?xml version="1.0" encoding="UTF-8"?>
<!-- Generated by org.testng.reporters.JUnitXMLReporter -->
<testsuite hostname="DESKTOP-KO32RFL" ignored="0" tests="7" failures="0" timestamp="06 May 2018 03:35:43 GMT" time="4.695" errors="0">
  <testcase name="GetWeatherDetails" time="1.787" classname="SimpleGetTest"/>
  <testcase name="GetStatusCodeForValidCity" time="0.345" classname="SimpleGetTest"/>
  <testcase name="GetStatusCodeForInValidCity" time="0.486" classname="SimpleGetTest"/>
  <testcase name="GetWeatherHeaders" time="0.398" classname="SimpleGetTest"/>
  <testcase name="getBodyDetails" time="0.374" classname="SimpleGetTest"/>
  <testcase name="VerifyCityinJSONBody" time="1.014" classname="SimpleGetTest"/>
  <testcase name="RegisterUser" time="0.247" classname="SimpleGetTest"/>
</testsuite>
